[2020-06-25 00:03:19.508 GMT] DEBUG PipelineCallServlet|265421191|Sites-TSICore_chen-Site|Account-RegistrationConfirm|PipelineCall|qhVfGC09u_ custom.RegistrationConfirm []  dwfrm_profile_formcontrol_easymode - true
[2020-06-25 00:03:19.526 GMT] DEBUG PipelineCallServlet|265421191|Sites-TSICore_chen-Site|Account-RegistrationConfirm|PipelineCall|qhVfGC09u_ custom.RegistrationConfirm []  customAttribute1 - undefined
[2020-06-25 00:03:26.505 GMT] DEBUG PipelineCallServlet|1228916145|Sites-TSICore_chen-Site|Account-SubmitRegistration|PipelineCall|qhVfGC09u_ custom.SubmitRegistration []  create.triggered - false
[2020-06-25 00:03:26.505 GMT] DEBUG PipelineCallServlet|1228916145|Sites-TSICore_chen-Site|Account-SubmitRegistration|PipelineCall|qhVfGC09u_ custom.SubmitRegistration []  confirm.triggered - false
[2020-06-25 00:03:26.505 GMT] DEBUG PipelineCallServlet|1228916145|Sites-TSICore_chen-Site|Account-SubmitRegistration|PipelineCall|qhVfGC09u_ custom.SubmitRegistration []  goback.triggered - true
[2020-06-25 00:03:26.506 GMT] DEBUG PipelineCallServlet|1228916145|Sites-TSICore_chen-Site|Account-SubmitRegistration|PipelineCall|qhVfGC09u_ custom.SubmitRegistration []  dwfrm_profile_formcontrol_easymode - true
[2020-06-25 00:03:26.506 GMT] DEBUG PipelineCallServlet|1228916145|Sites-TSICore_chen-Site|Account-SubmitRegistration|PipelineCall|qhVfGC09u_ custom.SubmitRegistration []  dwfrm_profile_customer_email - 1@2.co
[2020-06-25 00:03:26.506 GMT] DEBUG PipelineCallServlet|1228916145|Sites-TSICore_chen-Site|Account-SubmitRegistration|PipelineCall|qhVfGC09u_ custom.SubmitRegistration []  dwfrm_profile_login_password - 1234567890
[2020-06-25 00:03:26.506 GMT] DEBUG PipelineCallServlet|1228916145|Sites-TSICore_chen-Site|Account-SubmitRegistration|PipelineCall|qhVfGC09u_ custom.SubmitRegistration []  dwfrm_profile_customer_addtoemaillist - false
[2020-06-25 00:03:26.506 GMT] DEBUG PipelineCallServlet|1228916145|Sites-TSICore_chen-Site|Account-SubmitRegistration|PipelineCall|qhVfGC09u_ custom.SubmitRegistration []  dwfrm_profile_customer_lastname - null
[2020-06-25 00:03:26.506 GMT] DEBUG PipelineCallServlet|1228916145|Sites-TSICore_chen-Site|Account-SubmitRegistration|PipelineCall|qhVfGC09u_ custom.SubmitRegistration []  dwfrm_profile_customer_firstname - null
[2020-06-25 00:03:26.506 GMT] DEBUG PipelineCallServlet|1228916145|Sites-TSICore_chen-Site|Account-SubmitRegistration|PipelineCall|qhVfGC09u_ custom.SubmitRegistration []  dwfrm_profile_memberscard_lastnamekana - null
[2020-06-25 00:03:26.506 GMT] DEBUG PipelineCallServlet|1228916145|Sites-TSICore_chen-Site|Account-SubmitRegistration|PipelineCall|qhVfGC09u_ custom.SubmitRegistration []  dwfrm_profile_memberscard_firstnamekana - null
[2020-06-25 00:03:26.506 GMT] DEBUG PipelineCallServlet|1228916145|Sites-TSICore_chen-Site|Account-SubmitRegistration|PipelineCall|qhVfGC09u_ custom.SubmitRegistration []  dwfrm_profile_tfpaddress_postal - null
[2020-06-25 00:03:26.506 GMT] DEBUG PipelineCallServlet|1228916145|Sites-TSICore_chen-Site|Account-SubmitRegistration|PipelineCall|qhVfGC09u_ custom.SubmitRegistration []  dwfrm_profile_tfpaddress_states_state - null
[2020-06-25 00:03:26.506 GMT] DEBUG PipelineCallServlet|1228916145|Sites-TSICore_chen-Site|Account-SubmitRegistration|PipelineCall|qhVfGC09u_ custom.SubmitRegistration []  dwfrm_profile_tfpaddress_city - null
[2020-06-25 00:03:26.506 GMT] DEBUG PipelineCallServlet|1228916145|Sites-TSICore_chen-Site|Account-SubmitRegistration|PipelineCall|qhVfGC09u_ custom.SubmitRegistration []  dwfrm_profile_tfpaddress_address1 - null
[2020-06-25 00:03:26.506 GMT] DEBUG PipelineCallServlet|1228916145|Sites-TSICore_chen-Site|Account-SubmitRegistration|PipelineCall|qhVfGC09u_ custom.SubmitRegistration []  dwfrm_profile_tfpaddress_address2 - null
[2020-06-25 00:03:26.506 GMT] DEBUG PipelineCallServlet|1228916145|Sites-TSICore_chen-Site|Account-SubmitRegistration|PipelineCall|qhVfGC09u_ custom.SubmitRegistration []  dwfrm_profile_customer_phone - null
[2020-06-25 00:03:26.506 GMT] DEBUG PipelineCallServlet|1228916145|Sites-TSICore_chen-Site|Account-SubmitRegistration|PipelineCall|qhVfGC09u_ custom.SubmitRegistration []  dwfrm_profile_customer_birth_year - null
[2020-06-25 00:03:26.506 GMT] DEBUG PipelineCallServlet|1228916145|Sites-TSICore_chen-Site|Account-SubmitRegistration|PipelineCall|qhVfGC09u_ custom.SubmitRegistration []  dwfrm_profile_customer_birth_month - null
[2020-06-25 00:03:26.506 GMT] DEBUG PipelineCallServlet|1228916145|Sites-TSICore_chen-Site|Account-SubmitRegistration|PipelineCall|qhVfGC09u_ custom.SubmitRegistration []  dwfrm_profile_customer_birth_day - null
[2020-06-25 00:03:26.506 GMT] DEBUG PipelineCallServlet|1228916145|Sites-TSICore_chen-Site|Account-SubmitRegistration|PipelineCall|qhVfGC09u_ custom.SubmitRegistration []  dwfrm_profile_customer_gender - 2
[2020-06-25 00:03:26.506 GMT] DEBUG PipelineCallServlet|1228916145|Sites-TSICore_chen-Site|Account-SubmitRegistration|PipelineCall|qhVfGC09u_ custom.SubmitRegistration []  dwfrm_profile_memberscard_cardid - null
[2020-06-25 00:03:26.507 GMT] DEBUG PipelineCallServlet|1228916145|Sites-TSICore_chen-Site|Account-SubmitRegistration|PipelineCall|qhVfGC09u_ custom.SubmitRegistration []  dwfrm_profile_memberscard_pin - null
[2020-06-25 00:03:26.507 GMT] DEBUG PipelineCallServlet|1228916145|Sites-TSICore_chen-Site|Account-SubmitRegistration|PipelineCall|qhVfGC09u_ custom.SubmitRegistration []  dwfrm_profile_customer_addtodmtolist - true
[2020-06-25 00:03:26.507 GMT] DEBUG PipelineCallServlet|1228916145|Sites-TSICore_chen-Site|Account-SubmitRegistration|PipelineCall|qhVfGC09u_ custom.SubmitRegistration []  dwfrm_profile_memberscard_dmcontrol - 1
[2020-06-25 00:03:26.507 GMT] DEBUG PipelineCallServlet|1228916145|Sites-TSICore_chen-Site|Account-SubmitRegistration|PipelineCall|qhVfGC09u_ custom.SubmitRegistration []  dwfrm_profile_customer_agreetopolicy - true
[2020-06-25 00:03:26.513 GMT] DEBUG PipelineCallServlet|1228916145|Sites-TSICore_chen-Site|Account-SubmitRegistration|PipelineCall|qhVfGC09u_ custom.SubmitRegistration []  customAttribute1 - undefined
[2020-06-25 00:03:26.553 GMT] DEBUG PipelineCallServlet|1421297958|Sites-TSICore_chen-Site|Account-StartRegister|PipelineCall|qhVfGC09u_ custom.RegisterAccount []  action - confirm
[2020-06-25 00:03:26.555 GMT] DEBUG PipelineCallServlet|1421297958|Sites-TSICore_chen-Site|Account-StartRegister|PipelineCall|qhVfGC09u_ custom.RegisterAccount []  isEnableSimpleRegister - true
[2020-06-25 00:03:26.569 GMT] DEBUG PipelineCallServlet|1421297958|Sites-TSICore_chen-Site|Account-StartRegister|PipelineCall|qhVfGC09u_ custom.RegisterAccount []  dwfrm_profile_formcontrol_easymode - true
[2020-06-25 00:03:26.574 GMT] DEBUG PipelineCallServlet|1421297958|Sites-TSICore_chen-Site|Account-StartRegister|PipelineCall|qhVfGC09u_ custom.RegisterAccount []  customAttribute1 - null
[2020-06-25 00:18:02.420 GMT] DEBUG PipelineCallServlet|265421191|Sites-TSICore_chen-Site|Account-StartRegister|PipelineCall|qhVfGC09u_ custom.RegisterAccount []  action - confirm
[2020-06-25 00:18:02.426 GMT] DEBUG PipelineCallServlet|265421191|Sites-TSICore_chen-Site|Account-StartRegister|PipelineCall|qhVfGC09u_ custom.RegisterAccount []  isEnableSimpleRegister - true
[2020-06-25 00:18:02.553 GMT] DEBUG PipelineCallServlet|265421191|Sites-TSICore_chen-Site|Account-StartRegister|PipelineCall|qhVfGC09u_ custom.RegisterAccount []  dwfrm_profile_formcontrol_easymode - true
[2020-06-25 00:18:02.563 GMT] DEBUG PipelineCallServlet|265421191|Sites-TSICore_chen-Site|Account-StartRegister|PipelineCall|qhVfGC09u_ custom.RegisterAccount []  customAttribute1 - null
[2020-06-25 00:18:40.461 GMT] DEBUG PipelineCallServlet|1228916145|Sites-TSICore_chen-Site|Account-RegistrationConfirm|PipelineCall|qhVfGC09u_ custom.RegistrationConfirm []  dwfrm_profile_formcontrol_easymode - true
[2020-06-25 00:18:42.214 GMT] DEBUG PipelineCallServlet|1228916145|Sites-TSICore_chen-Site|Account-RegistrationConfirm|PipelineCall|qhVfGC09u_ custom.RegistrationConfirm []  customAttribute1 - undefined
[2020-06-25 00:18:50.023 GMT] DEBUG PipelineCallServlet|685420018|Sites-TSICore_chen-Site|Account-SubmitRegistration|PipelineCall|qhVfGC09u_ custom.SubmitRegistration []  create.triggered - false
[2020-06-25 00:18:50.024 GMT] DEBUG PipelineCallServlet|685420018|Sites-TSICore_chen-Site|Account-SubmitRegistration|PipelineCall|qhVfGC09u_ custom.SubmitRegistration []  confirm.triggered - false
[2020-06-25 00:18:50.024 GMT] DEBUG PipelineCallServlet|685420018|Sites-TSICore_chen-Site|Account-SubmitRegistration|PipelineCall|qhVfGC09u_ custom.SubmitRegistration []  goback.triggered - true
[2020-06-25 00:18:50.024 GMT] DEBUG PipelineCallServlet|685420018|Sites-TSICore_chen-Site|Account-SubmitRegistration|PipelineCall|qhVfGC09u_ custom.SubmitRegistration []  dwfrm_profile_formcontrol_easymode - true
[2020-06-25 00:18:50.024 GMT] DEBUG PipelineCallServlet|685420018|Sites-TSICore_chen-Site|Account-SubmitRegistration|PipelineCall|qhVfGC09u_ custom.SubmitRegistration []  dwfrm_profile_customer_email - 1@2.co
[2020-06-25 00:18:50.024 GMT] DEBUG PipelineCallServlet|685420018|Sites-TSICore_chen-Site|Account-SubmitRegistration|PipelineCall|qhVfGC09u_ custom.SubmitRegistration []  dwfrm_profile_login_password - 1234567890
[2020-06-25 00:18:50.024 GMT] DEBUG PipelineCallServlet|685420018|Sites-TSICore_chen-Site|Account-SubmitRegistration|PipelineCall|qhVfGC09u_ custom.SubmitRegistration []  dwfrm_profile_customer_addtoemaillist - false
[2020-06-25 00:18:50.024 GMT] DEBUG PipelineCallServlet|685420018|Sites-TSICore_chen-Site|Account-SubmitRegistration|PipelineCall|qhVfGC09u_ custom.SubmitRegistration []  dwfrm_profile_customer_lastname - null
[2020-06-25 00:18:50.024 GMT] DEBUG PipelineCallServlet|685420018|Sites-TSICore_chen-Site|Account-SubmitRegistration|PipelineCall|qhVfGC09u_ custom.SubmitRegistration []  dwfrm_profile_customer_firstname - null
[2020-06-25 00:18:50.024 GMT] DEBUG PipelineCallServlet|685420018|Sites-TSICore_chen-Site|Account-SubmitRegistration|PipelineCall|qhVfGC09u_ custom.SubmitRegistration []  dwfrm_profile_memberscard_lastnamekana - null
[2020-06-25 00:18:50.024 GMT] DEBUG PipelineCallServlet|685420018|Sites-TSICore_chen-Site|Account-SubmitRegistration|PipelineCall|qhVfGC09u_ custom.SubmitRegistration []  dwfrm_profile_memberscard_firstnamekana - null
[2020-06-25 00:18:50.024 GMT] DEBUG PipelineCallServlet|685420018|Sites-TSICore_chen-Site|Account-SubmitRegistration|PipelineCall|qhVfGC09u_ custom.SubmitRegistration []  dwfrm_profile_tfpaddress_postal - null
[2020-06-25 00:18:50.024 GMT] DEBUG PipelineCallServlet|685420018|Sites-TSICore_chen-Site|Account-SubmitRegistration|PipelineCall|qhVfGC09u_ custom.SubmitRegistration []  dwfrm_profile_tfpaddress_states_state - null
[2020-06-25 00:18:50.024 GMT] DEBUG PipelineCallServlet|685420018|Sites-TSICore_chen-Site|Account-SubmitRegistration|PipelineCall|qhVfGC09u_ custom.SubmitRegistration []  dwfrm_profile_tfpaddress_city - null
[2020-06-25 00:18:50.024 GMT] DEBUG PipelineCallServlet|685420018|Sites-TSICore_chen-Site|Account-SubmitRegistration|PipelineCall|qhVfGC09u_ custom.SubmitRegistration []  dwfrm_profile_tfpaddress_address1 - null
[2020-06-25 00:18:50.024 GMT] DEBUG PipelineCallServlet|685420018|Sites-TSICore_chen-Site|Account-SubmitRegistration|PipelineCall|qhVfGC09u_ custom.SubmitRegistration []  dwfrm_profile_tfpaddress_address2 - null
[2020-06-25 00:18:50.024 GMT] DEBUG PipelineCallServlet|685420018|Sites-TSICore_chen-Site|Account-SubmitRegistration|PipelineCall|qhVfGC09u_ custom.SubmitRegistration []  dwfrm_profile_customer_phone - null
[2020-06-25 00:18:50.024 GMT] DEBUG PipelineCallServlet|685420018|Sites-TSICore_chen-Site|Account-SubmitRegistration|PipelineCall|qhVfGC09u_ custom.SubmitRegistration []  dwfrm_profile_customer_birth_year - null
[2020-06-25 00:18:50.025 GMT] DEBUG PipelineCallServlet|685420018|Sites-TSICore_chen-Site|Account-SubmitRegistration|PipelineCall|qhVfGC09u_ custom.SubmitRegistration []  dwfrm_profile_customer_birth_month - null
[2020-06-25 00:18:50.025 GMT] DEBUG PipelineCallServlet|685420018|Sites-TSICore_chen-Site|Account-SubmitRegistration|PipelineCall|qhVfGC09u_ custom.SubmitRegistration []  dwfrm_profile_customer_birth_day - null
[2020-06-25 00:18:50.025 GMT] DEBUG PipelineCallServlet|685420018|Sites-TSICore_chen-Site|Account-SubmitRegistration|PipelineCall|qhVfGC09u_ custom.SubmitRegistration []  dwfrm_profile_customer_gender - 2
[2020-06-25 00:18:50.025 GMT] DEBUG PipelineCallServlet|685420018|Sites-TSICore_chen-Site|Account-SubmitRegistration|PipelineCall|qhVfGC09u_ custom.SubmitRegistration []  dwfrm_profile_memberscard_cardid - null
[2020-06-25 00:18:50.025 GMT] DEBUG PipelineCallServlet|685420018|Sites-TSICore_chen-Site|Account-SubmitRegistration|PipelineCall|qhVfGC09u_ custom.SubmitRegistration []  dwfrm_profile_memberscard_pin - null
[2020-06-25 00:18:50.025 GMT] DEBUG PipelineCallServlet|685420018|Sites-TSICore_chen-Site|Account-SubmitRegistration|PipelineCall|qhVfGC09u_ custom.SubmitRegistration []  dwfrm_profile_customer_addtodmtolist - true
[2020-06-25 00:18:50.025 GMT] DEBUG PipelineCallServlet|685420018|Sites-TSICore_chen-Site|Account-SubmitRegistration|PipelineCall|qhVfGC09u_ custom.SubmitRegistration []  dwfrm_profile_memberscard_dmcontrol - 1
[2020-06-25 00:18:50.025 GMT] DEBUG PipelineCallServlet|685420018|Sites-TSICore_chen-Site|Account-SubmitRegistration|PipelineCall|qhVfGC09u_ custom.SubmitRegistration []  dwfrm_profile_customer_agreetopolicy - true
[2020-06-25 00:18:50.031 GMT] DEBUG PipelineCallServlet|685420018|Sites-TSICore_chen-Site|Account-SubmitRegistration|PipelineCall|qhVfGC09u_ custom.SubmitRegistration []  customAttribute1 - undefined
[2020-06-25 00:18:50.075 GMT] DEBUG PipelineCallServlet|326613833|Sites-TSICore_chen-Site|Account-StartRegister|PipelineCall|qhVfGC09u_ custom.RegisterAccount []  action - confirm
[2020-06-25 00:18:50.076 GMT] DEBUG PipelineCallServlet|326613833|Sites-TSICore_chen-Site|Account-StartRegister|PipelineCall|qhVfGC09u_ custom.RegisterAccount []  isEnableSimpleRegister - true
[2020-06-25 00:18:50.097 GMT] DEBUG PipelineCallServlet|326613833|Sites-TSICore_chen-Site|Account-StartRegister|PipelineCall|qhVfGC09u_ custom.RegisterAccount []  dwfrm_profile_formcontrol_easymode - true
[2020-06-25 00:18:50.103 GMT] DEBUG PipelineCallServlet|326613833|Sites-TSICore_chen-Site|Account-StartRegister|PipelineCall|qhVfGC09u_ custom.RegisterAccount []  customAttribute1 - null
[2020-06-25 00:18:57.726 GMT] DEBUG PipelineCallServlet|1668723660|Sites-TSICore_chen-Site|Account-StartRegister|PipelineCall|qhVfGC09u_ custom.RegisterAccount []  action - null
[2020-06-25 00:18:57.727 GMT] DEBUG PipelineCallServlet|1668723660|Sites-TSICore_chen-Site|Account-StartRegister|PipelineCall|qhVfGC09u_ custom.RegisterAccount []  isEnableSimpleRegister - true
[2020-06-25 00:18:59.489 GMT] DEBUG PipelineCallServlet|1668723660|Sites-TSICore_chen-Site|Account-StartRegister|PipelineCall|qhVfGC09u_ custom.RegisterAccount []  dwfrm_profile_formcontrol_easymode - true
[2020-06-25 00:18:59.494 GMT] DEBUG PipelineCallServlet|1668723660|Sites-TSICore_chen-Site|Account-StartRegister|PipelineCall|qhVfGC09u_ custom.RegisterAccount []  customAttribute1 - null
[2020-06-25 00:44:44.493 GMT] DEBUG PipelineCallServlet|265421191|Sites-TSICore_ozaki-Site|Account-Show|PipelineCall|w12-adE9qO custom.account.tfp.ReferenceForLogin []  
TFP REQUEST JSON: {"serviceCd":"001023","param":[{"emailAddress":"h.ozaki.bns@gmail.com"}]}
[2020-06-25 00:44:44.950 GMT] DEBUG PipelineCallServlet|265421191|Sites-TSICore_ozaki-Site|Account-Show|PipelineCall|w12-adE9qO custom.account.tfp.ReferenceForLogin []  
TFP RESPONSE JSON: {
  "at" : "2020-06-25 09:44:44.213",
  "result" : [ {
    "code" : [ "0000" ],
    "emailAddress" : "h.ozaki.bns@gmail.com"
  } ],
  "resultset" : [ {
    "emailAddress" : "h.ozaki.bns@gmail.com",
    "password" : "9b79130e8cae659f919224582d620c6e756350da5ce15b9dc32eadabc0d3e9bc",
    "cardId" : "0010230000960903",
    "cardIdBarcode" : "a0010230000960903c",
    "status" : "1",
    "customerNameSei" : "ビジネット",
    "customerNameMei" : "尾崎",
    "customerNameKanaSei" : "",
    "customerNameKanaMei" : "",
    "tel" : "0902489444",
    "telControlFlg" : "2",
    "isArivalTel" : "0",
    "sexKind" : "",
    "birthDay" : "19871019",
    "overSeasFlg" : "0",
    "overSeasAddress" : "",
    "zipCD" : "1000001",
    "prefecture" : "東京都",
    "city" : "千代田区",
    "town" : "千代田",
    "mansion" : "",
    "isAllowDM" : "2",
    "isArivalDM" : "0",
    "mailKind" : "1",
    "isAllowEMail" : "2",
    "isArivalEMail" : "0",
    "isHtmlEMail" : "1",
    "customAttribute1" : "",
    "customAttribute2" : "",
    "customAttribute3" : "",
    "customAttribute4" : "",
    "customAttribute5" : "",
    "customAttribute6" : "",
    "customAttribute7" : "",
    "customAttribute8" : "",
    "customAttribute9" : "",
    "customAttribute10" : "",
    "registeredDate" : "20190828",
    "withdrawalDate" : null,
    "pointBalance" : "8584",
    "pointValidityTerm" : "20210120",
    "pointReservedUse" : "0",
    "rankCD" : "05",
    "beforeRankCD" : "01",
    "memberInfoUpdateTime" : "2020-06-24 18:22:09.012",
    "pointInfoUpdateTime" : "2020-01-21 16:27:13.495",
    "customerInfoCurrentRankCD" : "01",
    "customerInfoRankKind" : "1",
    "customerInfoRankUpInfo" : "50000",
    "customerInfoRankTermLastDay" : "20200831",
    "pinCD" : "31157",
    "appKind" : "0"
  } ],
  "channelList" : [ {
    "channelCD" : 0,
    "channelRegisteredDate" : "2019-10-11 11:30:47.014"
  } ]
}

[2020-06-25 00:44:46.715 GMT] DEBUG PipelineCallServlet|265421191|Sites-TSICore_ozaki-Site|Account-Show|PipelineCall|w12-adE9qO custom.account.tfp.Reference []  
TFP REQUEST JSON: {"serviceCd":"001023","param":[{"emailAddress":"h.ozaki.bns@gmail.com"}]}
[2020-06-25 00:44:47.080 GMT] DEBUG PipelineCallServlet|265421191|Sites-TSICore_ozaki-Site|Account-Show|PipelineCall|w12-adE9qO custom.account.tfp.Reference []  
TFP RESPONSE JSON: {
  "at" : "2020-06-25 09:44:46.345",
  "result" : [ {
    "code" : [ "0000" ],
    "emailAddress" : "h.ozaki.bns@gmail.com"
  } ],
  "resultset" : [ {
    "emailAddress" : "h.ozaki.bns@gmail.com",
    "password" : "9b79130e8cae659f919224582d620c6e756350da5ce15b9dc32eadabc0d3e9bc",
    "cardId" : "0010230000960903",
    "cardIdBarcode" : "a0010230000960903c",
    "status" : "1",
    "customerNameSei" : "ビジネット",
    "customerNameMei" : "尾崎",
    "customerNameKanaSei" : "",
    "customerNameKanaMei" : "",
    "tel" : "0902489444",
    "telControlFlg" : "2",
    "isArivalTel" : "0",
    "sexKind" : "",
    "birthDay" : "19871019",
    "overSeasFlg" : "0",
    "overSeasAddress" : "",
    "zipCD" : "1000001",
    "prefecture" : "東京都",
    "city" : "千代田区",
    "town" : "千代田",
    "mansion" : "",
    "isAllowDM" : "2",
    "isArivalDM" : "0",
    "mailKind" : "1",
    "isAllowEMail" : "2",
    "isArivalEMail" : "0",
    "isHtmlEMail" : "1",
    "customAttribute1" : "",
    "customAttribute2" : "",
    "customAttribute3" : "",
    "customAttribute4" : "",
    "customAttribute5" : "",
    "customAttribute6" : "",
    "customAttribute7" : "",
    "customAttribute8" : "",
    "customAttribute9" : "",
    "customAttribute10" : "",
    "registeredDate" : "20190828",
    "withdrawalDate" : null,
    "pointBalance" : "8584",
    "pointValidityTerm" : "20210120",
    "pointReservedUse" : "0",
    "rankCD" : "05",
    "beforeRankCD" : "01",
    "memberInfoUpdateTime" : "2020-06-24 18:22:09.012",
    "pointInfoUpdateTime" : "2020-01-21 16:27:13.495",
    "customerInfoCurrentRankCD" : "01",
    "customerInfoRankKind" : "1",
    "customerInfoRankUpInfo" : "50000",
    "customerInfoRankTermLastDay" : "20200831",
    "pinCD" : "31157",
    "appKind" : "0"
  } ],
  "channelList" : [ {
    "channelCD" : 0,
    "channelRegisteredDate" : "2019-10-11 11:30:47.014"
  } ]
}

[2020-06-25 00:44:47.154 GMT] DEBUG PipelineCallServlet|1114509086|Sites-TSICore_ozaki-Site|Account-Show|PipelineCall|qzhKk0vtAD custom.account.tfp.Reference []  
TFP REQUEST JSON: {"serviceCd":"001023","param":[{"emailAddress":"h.ozaki.bns@gmail.com"}]}
[2020-06-25 00:44:47.454 GMT] DEBUG PipelineCallServlet|1114509086|Sites-TSICore_ozaki-Site|Account-Show|PipelineCall|qzhKk0vtAD custom.account.tfp.Reference []  
TFP RESPONSE JSON: {
  "at" : "2020-06-25 09:44:46.790",
  "result" : [ {
    "code" : [ "0000" ],
    "emailAddress" : "h.ozaki.bns@gmail.com"
  } ],
  "resultset" : [ {
    "emailAddress" : "h.ozaki.bns@gmail.com",
    "password" : "9b79130e8cae659f919224582d620c6e756350da5ce15b9dc32eadabc0d3e9bc",
    "cardId" : "0010230000960903",
    "cardIdBarcode" : "a0010230000960903c",
    "status" : "1",
    "customerNameSei" : "ビジネット",
    "customerNameMei" : "尾崎",
    "customerNameKanaSei" : "",
    "customerNameKanaMei" : "",
    "tel" : "0902489444",
    "telControlFlg" : "2",
    "isArivalTel" : "0",
    "sexKind" : "",
    "birthDay" : "19871019",
    "overSeasFlg" : "0",
    "overSeasAddress" : "",
    "zipCD" : "1000001",
    "prefecture" : "東京都",
    "city" : "千代田区",
    "town" : "千代田",
    "mansion" : "",
    "isAllowDM" : "2",
    "isArivalDM" : "0",
    "mailKind" : "1",
    "isAllowEMail" : "2",
    "isArivalEMail" : "0",
    "isHtmlEMail" : "1",
    "customAttribute1" : "",
    "customAttribute2" : "",
    "customAttribute3" : "",
    "customAttribute4" : "",
    "customAttribute5" : "",
    "customAttribute6" : "",
    "customAttribute7" : "",
    "customAttribute8" : "",
    "customAttribute9" : "",
    "customAttribute10" : "",
    "registeredDate" : "20190828",
    "withdrawalDate" : null,
    "pointBalance" : "8584",
    "pointValidityTerm" : "20210120",
    "pointReservedUse" : "0",
    "rankCD" : "05",
    "beforeRankCD" : "01",
    "memberInfoUpdateTime" : "2020-06-24 18:22:09.012",
    "pointInfoUpdateTime" : "2020-01-21 16:27:13.495",
    "customerInfoCurrentRankCD" : "01",
    "customerInfoRankKind" : "1",
    "customerInfoRankUpInfo" : "50000",
    "customerInfoRankTermLastDay" : "20200831",
    "pinCD" : "31157",
    "appKind" : "0"
  } ],
  "channelList" : [ {
    "channelCD" : 0,
    "channelRegisteredDate" : "2019-10-11 11:30:47.014"
  } ]
}

[2020-06-25 00:44:52.710 GMT] DEBUG PipelineCallServlet|1172680522|Sites-TSICore_ozaki-Site|Coupon-Show|PipelineCall|qzhKk0vtAD custom.account.tfp.CouponReference []  
TFP REQUEST JSON: {"serviceCd":"001023","param":[{"emailAddress":"h.ozaki.bns@gmail.com"}]}
[2020-06-25 00:44:52.831 GMT] DEBUG PipelineCallServlet|1172680522|Sites-TSICore_ozaki-Site|Coupon-Show|PipelineCall|qzhKk0vtAD custom.account.tfp.CouponReference []  
TFP RESPONSE JSON: {
  "at" : "2020-06-25 09:44:52.343",
  "result" : [ {
    "code" : [ "0000" ],
    "emailAddress" : "h.ozaki.bns@gmail.com"
  } ],
  "resultset" : [ {
    "emailAddress" : "h.ozaki.bns@gmail.com",
    "cardId" : "0010230000960903",
    "cardIdBarcode" : "b0010230000960903a",
    "couponDivide" : "1",
    "couponNum" : "0000032897",
    "couponlotNum" : "1",
    "couponManageInfo" : "0000032897011",
    "couponManageInfoBarcd" : "b0000032897011c",
    "couponPayKind" : "0",
    "discountCouponAmount" : "3000",
    "discountCouponAverage" : null,
    "startDate" : "20200625",
    "endDate" : "99999999",
    "couponAvailableTimes" : "0",
    "promotionName" : "＃４２１８クーポン値引",
    "promotionContent" : "",
    "availableMin" : null,
    "availableMax" : null,
    "discountCouponInfo" : null,
    "discountCouponInfoBarcd" : null,
    "pbKind" : null,
    "discCd" : null
  }, {
    "emailAddress" : "h.ozaki.bns@gmail.com",
    "cardId" : "0010230000960903",
    "cardIdBarcode" : "b0010230000960903a",
    "couponDivide" : "1",
    "couponNum" : "0000032898",
    "couponlotNum" : "1",
    "couponManageInfo" : "0000032898017",
    "couponManageInfoBarcd" : "b0000032898017c",
    "couponPayKind" : "1",
    "discountCouponAmount" : null,
    "discountCouponAverage" : "15",
    "startDate" : "20200625",
    "endDate" : "99999999",
    "couponAvailableTimes" : "0",
    "promotionName" : "＃４２１８クーポン割引",
    "promotionContent" : "",
    "availableMin" : null,
    "availableMax" : null,
    "discountCouponInfo" : null,
    "discountCouponInfoBarcd" : null,
    "pbKind" : null,
    "discCd" : null
  }, {
    "emailAddress" : "h.ozaki.bns@gmail.com",
    "cardId" : "0010230000960903",
    "cardIdBarcode" : "b0010230000960903a",
    "couponDivide" : "1",
    "couponNum" : "0000032899",
    "couponlotNum" : "1",
    "couponManageInfo" : "0000032899013",
    "couponManageInfoBarcd" : "b0000032899013c",
    "couponPayKind" : "9",
    "discountCouponAmount" : null,
    "discountCouponAverage" : null,
    "startDate" : "20200625",
    "endDate" : "99999999",
    "couponAvailableTimes" : "0",
    "promotionName" : "＃４２１８クーポンその他",
    "promotionContent" : "",
    "availableMin" : null,
    "availableMax" : null,
    "discountCouponInfo" : null,
    "discountCouponInfoBarcd" : null,
    "pbKind" : null,
    "discCd" : null
  }, {
    "emailAddress" : "h.ozaki.bns@gmail.com",
    "cardId" : "0010230000960903",
    "cardIdBarcode" : "b0010230000960903a",
    "couponDivide" : "1",
    "couponNum" : "0000032900",
    "couponlotNum" : "1",
    "couponManageInfo" : "0000032900011",
    "couponManageInfoBarcd" : "b0000032900011c",
    "couponPayKind" : "3",
    "discountCouponAmount" : null,
    "discountCouponAverage" : null,
    "startDate" : "20200625",
    "endDate" : "99999999",
    "couponAvailableTimes" : "0",
    "promotionName" : "＃４２１８クーポン送料無料",
    "promotionContent" : "",
    "availableMin" : null,
    "availableMax" : null,
    "discountCouponInfo" : null,
    "discountCouponInfoBarcd" : null,
    "pbKind" : null,
    "discCd" : null
  } ]
}

[2020-06-25 00:57:01.348 GMT] DEBUG PipelineCallServlet|1114509086|Sites-TSICore_ozaki-Site|Coupon-Show|PipelineCall|qzhKk0vtAD custom.account.tfp.CouponReference []  
TFP REQUEST JSON: {"serviceCd":"001023","param":[{"emailAddress":"h.ozaki.bns@gmail.com"}]}
[2020-06-25 00:57:01.522 GMT] DEBUG PipelineCallServlet|1114509086|Sites-TSICore_ozaki-Site|Coupon-Show|PipelineCall|qzhKk0vtAD custom.account.tfp.CouponReference []  
TFP RESPONSE JSON: {
  "at" : "2020-06-25 09:57:01.026",
  "result" : [ {
    "code" : [ "0000" ],
    "emailAddress" : "h.ozaki.bns@gmail.com"
  } ],
  "resultset" : [ {
    "emailAddress" : "h.ozaki.bns@gmail.com",
    "cardId" : "0010230000960903",
    "cardIdBarcode" : "b0010230000960903a",
    "couponDivide" : "1",
    "couponNum" : "0000032897",
    "couponlotNum" : "1",
    "couponManageInfo" : "0000032897011",
    "couponManageInfoBarcd" : "b0000032897011c",
    "couponPayKind" : "0",
    "discountCouponAmount" : "3000",
    "discountCouponAverage" : null,
    "startDate" : "20200625",
    "endDate" : "99999999",
    "couponAvailableTimes" : "0",
    "promotionName" : "＃４２１８クーポン値引",
    "promotionContent" : "",
    "availableMin" : null,
    "availableMax" : null,
    "discountCouponInfo" : null,
    "discountCouponInfoBarcd" : null,
    "pbKind" : null,
    "discCd" : null
  }, {
    "emailAddress" : "h.ozaki.bns@gmail.com",
    "cardId" : "0010230000960903",
    "cardIdBarcode" : "b0010230000960903a",
    "couponDivide" : "1",
    "couponNum" : "0000032898",
    "couponlotNum" : "1",
    "couponManageInfo" : "0000032898017",
    "couponManageInfoBarcd" : "b0000032898017c",
    "couponPayKind" : "1",
    "discountCouponAmount" : null,
    "discountCouponAverage" : "15",
    "startDate" : "20200625",
    "endDate" : "99999999",
    "couponAvailableTimes" : "0",
    "promotionName" : "＃４２１８クーポン割引",
    "promotionContent" : "",
    "availableMin" : null,
    "availableMax" : null,
    "discountCouponInfo" : null,
    "discountCouponInfoBarcd" : null,
    "pbKind" : null,
    "discCd" : null
  }, {
    "emailAddress" : "h.ozaki.bns@gmail.com",
    "cardId" : "0010230000960903",
    "cardIdBarcode" : "b0010230000960903a",
    "couponDivide" : "1",
    "couponNum" : "0000032899",
    "couponlotNum" : "1",
    "couponManageInfo" : "0000032899013",
    "couponManageInfoBarcd" : "b0000032899013c",
    "couponPayKind" : "9",
    "discountCouponAmount" : null,
    "discountCouponAverage" : null,
    "startDate" : "20200625",
    "endDate" : "99999999",
    "couponAvailableTimes" : "0",
    "promotionName" : "＃４２１８クーポンその他",
    "promotionContent" : "",
    "availableMin" : null,
    "availableMax" : null,
    "discountCouponInfo" : null,
    "discountCouponInfoBarcd" : null,
    "pbKind" : null,
    "discCd" : null
  }, {
    "emailAddress" : "h.ozaki.bns@gmail.com",
    "cardId" : "0010230000960903",
    "cardIdBarcode" : "b0010230000960903a",
    "couponDivide" : "1",
    "couponNum" : "0000032900",
    "couponlotNum" : "1",
    "couponManageInfo" : "0000032900011",
    "couponManageInfoBarcd" : "b0000032900011c",
    "couponPayKind" : "3",
    "discountCouponAmount" : null,
    "discountCouponAverage" : null,
    "startDate" : "20200625",
    "endDate" : "99999999",
    "couponAvailableTimes" : "0",
    "promotionName" : "＃４２１８クーポン送料無料",
    "promotionContent" : "",
    "availableMin" : null,
    "availableMax" : null,
    "discountCouponInfo" : null,
    "discountCouponInfoBarcd" : null,
    "pbKind" : null,
    "discCd" : null
  } ]
}

[2020-06-25 01:36:07.327 GMT] DEBUG ShopAPIServlet|440340477|/servlet/s/TSICore_igarashi/dw/shop/v19_10/customers/auth custom.hooks []  Executing script 'app_tsi_core/cartridge/scripts/ocapi/hooks/customer/auth/post.js / beforePOST
[2020-06-25 01:36:08.805 GMT] DEBUG ShopAPIServlet|440340477|/servlet/s/TSICore_igarashi/dw/shop/v19_10/customers/auth custom.hooks []  Executing script 'app_tsi_core/cartridge/scripts/ocapi/hooks/customer/auth/post.js / modifyPOSTResponse
[2020-06-25 01:36:09.130 GMT] DEBUG ShopAPIServlet|265421191|/servlet/s/TSICore_igarashi/dw/shop/v19_10/customers/abHZSlbgbIBLp4vJZawRn2OhuW custom.hooks []  Executing script 'app_tsi_core/cartridge/scripts/ocapi/hooks/customer/get.js / modifyGETResponse
[2020-06-25 01:36:09.506 GMT] DEBUG ShopAPIServlet|265421191|/servlet/s/TSICore_igarashi/dw/shop/v19_10/customers/abHZSlbgbIBLp4vJZawRn2OhuW custom.account.tfp.CouponReference []  
TFP REQUEST JSON: {"serviceCd":"008001","param":[{"emailAddress":"tokyostyle20170405+1@gmail.com"}]}
[2020-06-25 01:36:09.620 GMT] DEBUG ShopAPIServlet|265421191|/servlet/s/TSICore_igarashi/dw/shop/v19_10/customers/abHZSlbgbIBLp4vJZawRn2OhuW custom.account.tfp.CouponReference []  
TFP RESPONSE JSON: {
  "at" : "2020-06-25 10:36:09.120",
  "result" : [ {
    "code" : [ "0000" ],
    "emailAddress" : "tokyostyle20170405+1@gmail.com"
  } ],
  "resultset" : [ {
    "emailAddress" : "tokyostyle20170405+1@gmail.com",
    "cardId" : "0080010006661409",
    "cardIdBarcode" : "b0080010006661409a",
    "couponDivide" : "1",
    "couponNum" : "0000032907",
    "couponlotNum" : "1",
    "couponManageInfo" : "0000032907016",
    "couponManageInfoBarcd" : "b0000032907016c",
    "couponPayKind" : "0",
    "discountCouponAmount" : "1000",
    "discountCouponAverage" : null,
    "startDate" : "20200625",
    "endDate" : "99999999",
    "couponAvailableTimes" : "0",
    "promotionName" : "ＢＮＳテストクーポン：条件なし",
    "promotionContent" : "",
    "availableMin" : null,
    "availableMax" : null,
    "discountCouponInfo" : null,
    "discountCouponInfoBarcd" : null,
    "pbKind" : null,
    "discCd" : "7000"
  } ]
}

[2020-06-25 01:36:09.829 GMT] DEBUG ShopAPIServlet|265421191|/servlet/s/TSICore_igarashi/dw/shop/v19_10/customers/abHZSlbgbIBLp4vJZawRn2OhuW custom.account.tfp.TFPAPICall []  
TFP API Path: /SyncSalesHistoryReference.do
[2020-06-25 01:36:09.829 GMT] DEBUG ShopAPIServlet|265421191|/servlet/s/TSICore_igarashi/dw/shop/v19_10/customers/abHZSlbgbIBLp4vJZawRn2OhuW custom.account.tfp.TFPAPICall []  
TFP REQUEST JSON: {"serviceCd":"008001","param":[{"emailAddress":"tokyostyle20170405+1@gmail.com","channel":"1"}]}
[2020-06-25 01:36:09.950 GMT] DEBUG ShopAPIServlet|265421191|/servlet/s/TSICore_igarashi/dw/shop/v19_10/customers/abHZSlbgbIBLp4vJZawRn2OhuW custom.account.tfp.TFPAPICall []  
TFP RESPONSE JSON: {
  "at" : "2020-06-25 10:36:09.445",
  "result" : [ {
    "code" : [ "7002" ],
    "emailAddress" : "tokyostyle20170405+1@gmail.com"
  } ]
}

[2020-06-25 01:36:10.409 GMT] DEBUG ShopAPIServlet|265421191|/servlet/s/TSICore_igarashi/dw/shop/v19_10/customers/abHZSlbgbIBLp4vJZawRn2OhuW custom.account.tfp.TFPAPICall []  
TFP API Path: /SyncPointHistoryReference.do
[2020-06-25 01:36:10.409 GMT] DEBUG ShopAPIServlet|265421191|/servlet/s/TSICore_igarashi/dw/shop/v19_10/customers/abHZSlbgbIBLp4vJZawRn2OhuW custom.account.tfp.TFPAPICall []  
TFP REQUEST JSON: {"serviceCd":"008001","param":[{"emailAddress":"tokyostyle20170405+1@gmail.com"}]}
[2020-06-25 01:36:10.507 GMT] DEBUG ShopAPIServlet|265421191|/servlet/s/TSICore_igarashi/dw/shop/v19_10/customers/abHZSlbgbIBLp4vJZawRn2OhuW custom.account.tfp.TFPAPICall []  
TFP RESPONSE JSON: {
  "at" : "2020-06-25 10:36:10.025",
  "result" : [ {
    "code" : [ "0000" ],
    "emailAddress" : "tokyostyle20170405+1@gmail.com"
  } ],
  "resultset" : [ {
    "eMailAddress" : "tokyostyle20170405+1@gmail.com",
    "cardId" : "0080010006661409",
    "dateTimePointGiven" : "2020-03-24 11:33:35.766",
    "generationDivision" : "14",
    "generationDivisionName" : "来店ポイント付与",
    "pointAmount" : "500",
    "shopCd" : "23044",
    "shopName" : "福岡パルコ　Ｒ／Ｂ",
    "registerNum" : null,
    "businessDate" : null,
    "receiptNum" : null,
    "chitNum" : null,
    "isVoid" : null,
    "checkKind" : null,
    "returnKind" : null
  }, {
    "eMailAddress" : "tokyostyle20170405+1@gmail.com",
    "cardId" : "0080010006661409",
    "dateTimePointGiven" : "2019-08-02 14:44:23.697",
    "generationDivision" : "0",
    "generationDivisionName" : "ポイント付与",
    "pointAmount" : "140",
    "shopCd" : "16310",
    "shopName" : "Ｒ／Ｂオフィシャルサイト",
    "registerNum" : "101",
    "businessDate" : "20190802",
    "receiptNum" : "2",
    "chitNum" : "RB19080242801",
    "isVoid" : "0",
    "checkKind" : "0",
    "returnKind" : "0"
  } ]
}

[2020-06-25 01:36:10.652 GMT] DEBUG ShopAPIServlet|265421191|/servlet/s/TSICore_igarashi/dw/shop/v19_10/customers/abHZSlbgbIBLp4vJZawRn2OhuW/baskets custom.hooks []  Executing script 'app_tsi_core/cartridge/scripts/ocapi/hooks/customer/baskets/get.js / modifyGETResponse
[2020-06-25 01:36:10.719 GMT] DEBUG ShopAPIServlet|265421191|/servlet/s/TSICore_igarashi/dw/shop/v19_10/baskets custom.hooks []  Executing script 'app_tsi_core/cartridge/scripts/cart/calculate.js / calculate
[2020-06-25 01:36:10.777 GMT] DEBUG ShopAPIServlet|265421191|/servlet/s/TSICore_igarashi/dw/shop/v19_10/baskets custom.hooks []  Executing script 'app_tsi_core/cartridge/scripts/ocapi/hooks/basket/validate.js / validateBasket
[2020-06-25 01:36:10.859 GMT] DEBUG ShopAPIServlet|265421191|/servlet/s/TSICore_igarashi/dw/shop/v19_10/baskets custom.hooks []  Executing script 'app_tsi_core/cartridge/scripts/ocapi/hooks/basket/post.js / modifyPOSTResponse
[2020-06-25 01:36:12.573 GMT] DEBUG ShopAPIServlet|265421191|/servlet/s/TSICore_igarashi/dw/shop/v19_10/products/031614040534010 custom.hooks []  Executing script 'app_tsi_core/cartridge/scripts/ocapi/hooks/product/get.js / modifyGETResponse
[2020-06-25 01:36:12.793 GMT] DEBUG ShopAPIServlet|265421191|/servlet/s/TSICore_igarashi/dw/shop/v19_10/baskets/bfc116c7e7a009ae11f2a8cc46/items custom.hooks []  Executing script 'app_tsi_core/cartridge/scripts/cart/calculate.js / calculate
[2020-06-25 01:36:12.813 GMT] DEBUG ShopAPIServlet|265421191|/servlet/s/TSICore_igarashi/dw/shop/v19_10/baskets/bfc116c7e7a009ae11f2a8cc46/items custom.hooks []  Executing script 'app_tsi_core/cartridge/scripts/ocapi/hooks/basket/validate.js / validateBasket
[2020-06-25 01:36:13.039 GMT] DEBUG ShopAPIServlet|265421191|/servlet/s/TSICore_igarashi/dw/shop/v19_10/baskets/bfc116c7e7a009ae11f2a8cc46 custom.hooks []  Executing script 'app_tsi_core/cartridge/scripts/ocapi/hooks/basket/validate.js / validateBasket
[2020-06-25 01:36:13.046 GMT] DEBUG ShopAPIServlet|265421191|/servlet/s/TSICore_igarashi/dw/shop/v19_10/baskets/bfc116c7e7a009ae11f2a8cc46 custom.hooks []  Executing script 'app_tsi_core/cartridge/scripts/ocapi/hooks/basket/get.js / modifyGETResponse
[2020-06-25 01:36:13.442 GMT] DEBUG ShopAPIServlet|265421191|/servlet/s/TSICore_igarashi/dw/shop/v19_10/baskets/bfc116c7e7a009ae11f2a8cc46/shipments/me/shipping_methods custom.hooks []  Executing script 'app_tsi_core/cartridge/scripts/ocapi/hooks/basket/shipments/shipping_methods/get.js / modifyGETResponse
[2020-06-25 01:36:13.571 GMT] DEBUG ShopAPIServlet|265421191|/servlet/s/TSICore_igarashi/dw/shop/v19_10/baskets/bfc116c7e7a009ae11f2a8cc46/shipments/me/shipping_method custom.hooks []  Executing script 'app_tsi_core/cartridge/scripts/ocapi/hooks/basket/shipment/shipping_method/put.js / beforePUT
[2020-06-25 01:36:13.612 GMT] DEBUG ShopAPIServlet|265421191|/servlet/s/TSICore_igarashi/dw/shop/v19_10/baskets/bfc116c7e7a009ae11f2a8cc46/shipments/me/shipping_method custom.hooks []  Executing script 'app_tsi_core/cartridge/scripts/ocapi/hooks/basket/shipment/shipping_method/put.js / afterPUT
[2020-06-25 01:36:13.630 GMT] DEBUG ShopAPIServlet|265421191|/servlet/s/TSICore_igarashi/dw/shop/v19_10/baskets/bfc116c7e7a009ae11f2a8cc46/shipments/me/shipping_method custom.hooks []  Executing script 'app_tsi_core/cartridge/scripts/cart/calculate.js / calculate
[2020-06-25 01:36:13.650 GMT] DEBUG ShopAPIServlet|265421191|/servlet/s/TSICore_igarashi/dw/shop/v19_10/baskets/bfc116c7e7a009ae11f2a8cc46/shipments/me/shipping_method custom.hooks []  Executing script 'app_tsi_core/cartridge/scripts/ocapi/hooks/basket/validate.js / validateBasket
[2020-06-25 01:36:13.796 GMT] DEBUG ShopAPIServlet|265421191|/servlet/s/TSICore_igarashi/dw/shop/v19_10/baskets/bfc116c7e7a009ae11f2a8cc46 custom.hooks []  Executing script 'app_tsi_core/cartridge/scripts/ocapi/hooks/basket/patch.js / beforePATCH
[2020-06-25 01:36:13.885 GMT] DEBUG ShopAPIServlet|265421191|/servlet/s/TSICore_igarashi/dw/shop/v19_10/baskets/bfc116c7e7a009ae11f2a8cc46 custom.hooks []  Executing script 'app_tsi_core/cartridge/scripts/ocapi/hooks/basket/patch.js / afterPATCH
[2020-06-25 01:36:13.896 GMT] DEBUG ShopAPIServlet|265421191|/servlet/s/TSICore_igarashi/dw/shop/v19_10/baskets/bfc116c7e7a009ae11f2a8cc46 custom.hooks []  Executing script 'app_tsi_core/cartridge/scripts/cart/calculate.js / calculate
[2020-06-25 01:36:15.383 GMT] DEBUG ShopAPIServlet|265421191|/servlet/s/TSICore_igarashi/dw/shop/v19_10/baskets/bfc116c7e7a009ae11f2a8cc46 custom.hooks []  Executing script 'app_tsi_core/cartridge/scripts/ocapi/hooks/basket/validate.js / validateBasket
[2020-06-25 01:36:15.387 GMT] DEBUG ShopAPIServlet|265421191|/servlet/s/TSICore_igarashi/dw/shop/v19_10/baskets/bfc116c7e7a009ae11f2a8cc46 custom.hooks []  Executing script 'app_tsi_core/cartridge/scripts/ocapi/hooks/basket/patch.js / modifyPATCHResponse
[2020-06-25 01:36:15.468 GMT] DEBUG ShopAPIServlet|265421191|/servlet/s/TSICore_igarashi/dw/shop/v19_10/baskets/bfc116c7e7a009ae11f2a8cc46 custom.hooks []  Executing script 'app_tsi_core/cartridge/scripts/ocapi/hooks/basket/patch.js / beforePATCH
[2020-06-25 01:36:15.480 GMT] DEBUG ShopAPIServlet|265421191|/servlet/s/TSICore_igarashi/dw/shop/v19_10/baskets/bfc116c7e7a009ae11f2a8cc46 custom.hooks []  Executing script 'app_tsi_core/cartridge/scripts/ocapi/hooks/basket/patch.js / afterPATCH
[2020-06-25 01:36:15.484 GMT] DEBUG ShopAPIServlet|265421191|/servlet/s/TSICore_igarashi/dw/shop/v19_10/baskets/bfc116c7e7a009ae11f2a8cc46 custom.hooks []  Executing script 'app_tsi_core/cartridge/scripts/cart/calculate.js / calculate
[2020-06-25 01:36:15.491 GMT] DEBUG ShopAPIServlet|265421191|/servlet/s/TSICore_igarashi/dw/shop/v19_10/baskets/bfc116c7e7a009ae11f2a8cc46 custom.hooks []  Executing script 'app_tsi_core/cartridge/scripts/ocapi/hooks/basket/validate.js / validateBasket
[2020-06-25 01:36:15.494 GMT] DEBUG ShopAPIServlet|265421191|/servlet/s/TSICore_igarashi/dw/shop/v19_10/baskets/bfc116c7e7a009ae11f2a8cc46 custom.hooks []  Executing script 'app_tsi_core/cartridge/scripts/ocapi/hooks/basket/patch.js / modifyPATCHResponse
[2020-06-25 01:36:15.601 GMT] DEBUG ShopAPIServlet|265421191|/servlet/s/TSICore_igarashi/dw/shop/v19_10/baskets/bfc116c7e7a009ae11f2a8cc46/shipments/me custom.hooks []  Executing script 'app_tsi_core/cartridge/scripts/ocapi/hooks/basket/shipment/patch.js / beforePATCH
[2020-06-25 01:36:15.614 GMT] DEBUG ShopAPIServlet|265421191|/servlet/s/TSICore_igarashi/dw/shop/v19_10/baskets/bfc116c7e7a009ae11f2a8cc46/shipments/me custom.hooks []  Executing script 'app_tsi_core/cartridge/scripts/ocapi/hooks/basket/shipment/patch.js / afterPATCH
[2020-06-25 01:36:15.638 GMT] DEBUG ShopAPIServlet|265421191|/servlet/s/TSICore_igarashi/dw/shop/v19_10/baskets/bfc116c7e7a009ae11f2a8cc46/shipments/me custom.hooks []  Executing script 'app_tsi_core/cartridge/scripts/cart/calculate.js / calculate
[2020-06-25 01:36:15.653 GMT] DEBUG ShopAPIServlet|265421191|/servlet/s/TSICore_igarashi/dw/shop/v19_10/baskets/bfc116c7e7a009ae11f2a8cc46/shipments/me custom.hooks []  Executing script 'app_tsi_core/cartridge/scripts/ocapi/hooks/basket/validate.js / validateBasket
[2020-06-25 01:36:15.896 GMT] DEBUG ShopAPIServlet|265421191|/servlet/s/TSICore_igarashi/dw/shop/v19_10/baskets/bfc116c7e7a009ae11f2a8cc46/billing_address custom.hooks []  Executing script 'app_tsi_core/cartridge/scripts/ocapi/hooks/basket/billing_address/put.js / beforePUT
[2020-06-25 01:36:16.207 GMT] DEBUG ShopAPIServlet|265421191|/servlet/s/TSICore_igarashi/dw/shop/v19_10/baskets/bfc116c7e7a009ae11f2a8cc46/billing_address custom.geoCode []  

== [ZipCodeAPI] [Zip Code API Calling] [INFO]  START.Zip Code: N/A ==

[2020-06-25 01:36:16.209 GMT] DEBUG ShopAPIServlet|265421191|/servlet/s/TSICore_igarashi/dw/shop/v19_10/baskets/bfc116c7e7a009ae11f2a8cc46/billing_address custom.geoCode []  

========================= [ZipCodeAPI] [Zip Code API Calling] [INFO] =========================
                                   == (Get Server Config) ==
== API URL: /rest/service/geocode/address
== Enable Checking: false
== Zip Code: 106-0032
============================================ [END] ============================================

[2020-06-25 01:36:16.210 GMT] DEBUG ShopAPIServlet|265421191|/servlet/s/TSICore_igarashi/dw/shop/v19_10/baskets/bfc116c7e7a009ae11f2a8cc46/billing_address custom.geoCode []  

========================= [ZipCodeAPI] [Zip Code API Calling] [INFO] =========================
== Calling Zip Code API is successful
== Method END
== Zip Code: 106-0032
============================================ [END] ============================================

[2020-06-25 01:36:16.210 GMT] DEBUG ShopAPIServlet|265421191|/servlet/s/TSICore_igarashi/dw/shop/v19_10/baskets/bfc116c7e7a009ae11f2a8cc46/billing_address custom.geoCode []  

== [ZipCodeAPI] [Zip Code Checking] [INFO]  START.Zip Code: N/A ==

[2020-06-25 01:36:16.214 GMT] DEBUG ShopAPIServlet|265421191|/servlet/s/TSICore_igarashi/dw/shop/v19_10/baskets/bfc116c7e7a009ae11f2a8cc46/billing_address custom.hooks []  Executing script 'app_tsi_core/cartridge/scripts/cart/calculate.js / calculate
[2020-06-25 01:36:16.222 GMT] DEBUG ShopAPIServlet|265421191|/servlet/s/TSICore_igarashi/dw/shop/v19_10/baskets/bfc116c7e7a009ae11f2a8cc46/billing_address custom.hooks []  Executing script 'app_tsi_core/cartridge/scripts/ocapi/hooks/basket/validate.js / validateBasket
[2020-06-25 01:36:16.438 GMT] DEBUG ShopAPIServlet|265421191|/servlet/s/TSICore_igarashi/dw/shop/v19_10/baskets/bfc116c7e7a009ae11f2a8cc46/payment_methods custom.hooks []  Executing script 'app_tsi_core/cartridge/scripts/ocapi/hooks/basket/payment_methods/get.js / modifyGETResponse
[2020-06-25 01:36:16.523 GMT] DEBUG ShopAPIServlet|265421191|/servlet/s/TSICore_igarashi/dw/shop/v19_10/baskets/bfc116c7e7a009ae11f2a8cc46 custom.hooks []  Executing script 'app_tsi_core/cartridge/scripts/ocapi/hooks/basket/validate.js / validateBasket
[2020-06-25 01:36:16.528 GMT] DEBUG ShopAPIServlet|265421191|/servlet/s/TSICore_igarashi/dw/shop/v19_10/baskets/bfc116c7e7a009ae11f2a8cc46 custom.hooks []  Executing script 'app_tsi_core/cartridge/scripts/ocapi/hooks/basket/get.js / modifyGETResponse
[2020-06-25 01:36:16.649 GMT] DEBUG ShopAPIServlet|265421191|/servlet/s/TSICore_igarashi/dw/shop/v19_10/baskets/bfc116c7e7a009ae11f2a8cc46 custom.hooks []  Executing script 'app_tsi_core/cartridge/scripts/ocapi/hooks/basket/validate.js / validateBasket
[2020-06-25 01:36:16.658 GMT] DEBUG ShopAPIServlet|265421191|/servlet/s/TSICore_igarashi/dw/shop/v19_10/baskets/bfc116c7e7a009ae11f2a8cc46 custom.hooks []  Executing script 'app_tsi_core/cartridge/scripts/ocapi/hooks/basket/get.js / modifyGETResponse
[2020-06-25 01:36:16.802 GMT] DEBUG ShopAPIServlet|265421191|/servlet/s/TSICore_igarashi/dw/shop/v19_10/baskets/bfc116c7e7a009ae11f2a8cc46/payment_instruments custom.hooks []  Executing script 'app_tsi_core/cartridge/scripts/ocapi/hooks/basket/payment_instrument/post.js / beforePOST
[2020-06-25 01:36:18.666 GMT] DEBUG ShopAPIServlet|265421191|/servlet/s/TSICore_igarashi/dw/shop/v19_10/baskets/bfc116c7e7a009ae11f2a8cc46/payment_instruments custom.hooks []  Executing script 'app_tsi_core/cartridge/scripts/ocapi/hooks/basket/payment_instrument/post.js / afterPOST
[2020-06-25 01:36:18.668 GMT] DEBUG ShopAPIServlet|265421191|/servlet/s/TSICore_igarashi/dw/shop/v19_10/baskets/bfc116c7e7a009ae11f2a8cc46/payment_instruments custom.hooks []  Executing script 'app_tsi_core/cartridge/scripts/cart/calculate.js / calculate
[2020-06-25 01:36:18.704 GMT] DEBUG RepeatedMessageSuppressingFilter-Thread custom.hooks []  The following message was generated more than 10 times within the last 180 seconds. It will be suppressed for 180 seconds: Executing script 'app_tsi_core/cartridge/scripts/ocapi/hooks/basket/validate.js / validateBasket
[2020-06-25 01:36:18.709 GMT] DEBUG ShopAPIServlet|265421191|/servlet/s/TSICore_igarashi/dw/shop/v19_10/baskets/bfc116c7e7a009ae11f2a8cc46/payment_instruments custom.hooks []  Executing script 'app_tsi_core/cartridge/scripts/ocapi/hooks/basket/payment_instrument/post.js / modifyPOSTResponse
[2020-06-25 01:36:18.852 GMT] DEBUG ShopAPIServlet|1172680522|/servlet/s/TSICore_igarashi/dw/shop/v19_10/baskets/bfc116c7e7a009ae11f2a8cc46/payment_instruments/4ba346712e07615eff3cb060ec custom.hooks []  Executing script 'app_tsi_core/cartridge/scripts/ocapi/hooks/basket/payment_instrument/delete.js / beforeDELETE
[2020-06-25 01:36:18.869 GMT] DEBUG ShopAPIServlet|1172680522|/servlet/s/TSICore_igarashi/dw/shop/v19_10/baskets/bfc116c7e7a009ae11f2a8cc46/payment_instruments/4ba346712e07615eff3cb060ec custom.hooks []  Executing script 'app_tsi_core/cartridge/scripts/cart/calculate.js / calculate
[2020-06-25 01:36:18.993 GMT] DEBUG ShopAPIServlet|1172680522|/servlet/s/TSICore_igarashi/dw/shop/v19_10/baskets/bfc116c7e7a009ae11f2a8cc46/payment_instruments custom.hooks []  Executing script 'app_tsi_core/cartridge/scripts/ocapi/hooks/basket/payment_instrument/post.js / beforePOST
[2020-06-25 01:36:19.001 GMT] DEBUG ShopAPIServlet|1172680522|/servlet/s/TSICore_igarashi/dw/shop/v19_10/baskets/bfc116c7e7a009ae11f2a8cc46/payment_instruments custom.hooks []  Executing script 'app_tsi_core/cartridge/scripts/ocapi/hooks/basket/payment_instrument/post.js / afterPOST
[2020-06-25 01:36:19.004 GMT] DEBUG ShopAPIServlet|1172680522|/servlet/s/TSICore_igarashi/dw/shop/v19_10/baskets/bfc116c7e7a009ae11f2a8cc46/payment_instruments custom.hooks []  Executing script 'app_tsi_core/cartridge/scripts/cart/calculate.js / calculate
[2020-06-25 01:36:19.021 GMT] DEBUG ShopAPIServlet|1172680522|/servlet/s/TSICore_igarashi/dw/shop/v19_10/baskets/bfc116c7e7a009ae11f2a8cc46/payment_instruments custom.hooks []  Executing script 'app_tsi_core/cartridge/scripts/ocapi/hooks/basket/payment_instrument/post.js / modifyPOSTResponse
[2020-06-25 01:36:19.139 GMT] DEBUG ShopAPIServlet|1172680522|/servlet/s/TSICore_igarashi/dw/shop/v19_10/baskets/bfc116c7e7a009ae11f2a8cc46/shipments/me/shipping_method custom.hooks []  Executing script 'app_tsi_core/cartridge/scripts/ocapi/hooks/basket/shipment/shipping_method/put.js / beforePUT
[2020-06-25 01:36:19.149 GMT] DEBUG ShopAPIServlet|1172680522|/servlet/s/TSICore_igarashi/dw/shop/v19_10/baskets/bfc116c7e7a009ae11f2a8cc46/shipments/me/shipping_method custom.hooks []  Executing script 'app_tsi_core/cartridge/scripts/ocapi/hooks/basket/shipment/shipping_method/put.js / afterPUT
[2020-06-25 01:36:19.157 GMT] DEBUG RepeatedMessageSuppressingFilter-Thread custom.hooks []  The following message was generated more than 10 times within the last 180 seconds. It will be suppressed for 180 seconds: Executing script 'app_tsi_core/cartridge/scripts/cart/calculate.js / calculate
[2020-06-25 01:36:19.597 GMT] DEBUG ShopAPIServlet|1172680522|/servlet/s/TSICore_igarashi/dw/shop/v19_10/baskets/bfc116c7e7a009ae11f2a8cc46 custom.hooks []  Executing script 'app_tsi_core/cartridge/scripts/ocapi/hooks/basket/patch.js / beforePATCH
[2020-06-25 01:36:19.607 GMT] DEBUG ShopAPIServlet|1172680522|/servlet/s/TSICore_igarashi/dw/shop/v19_10/baskets/bfc116c7e7a009ae11f2a8cc46 custom.hooks []  Executing script 'app_tsi_core/cartridge/scripts/ocapi/hooks/basket/patch.js / afterPATCH
[2020-06-25 01:36:19.623 GMT] DEBUG ShopAPIServlet|1172680522|/servlet/s/TSICore_igarashi/dw/shop/v19_10/baskets/bfc116c7e7a009ae11f2a8cc46 custom.hooks []  Executing script 'app_tsi_core/cartridge/scripts/ocapi/hooks/basket/patch.js / modifyPATCHResponse
[2020-06-25 01:36:19.717 GMT] DEBUG ShopAPIServlet|1172680522|/servlet/s/TSICore_igarashi/dw/shop/v19_10/orders custom.hooks []  Executing script 'app_tsi_core/cartridge/scripts/ocapi/hooks/order/post.js / beforePOST
